Removed Pin From Net: NetName=12V Pin=C15-2
Removed Pin From Net: NetName=12V Pin=C16-1
Removed Pin From Net: NetName=5V Pin=C18-1
Removed Pin From Net: NetName=12V Pin=D3-1
Removed Pin From Net: NetName=12V Pin=R12-1
Removed Pin From Net: NetName=5V Pin=U4-4
Added Component: Designator=ST1(SharkTooth)
Add component. Clean all parameters for all variants
Added Component: Designator=ST2(SharkTooth)
Add component. Clean all parameters for all variants
Added Pin To Net: NetName=12V Pin=ST1-2
Added Pin To Net: NetName=5V Pin=ST2-2
Added Pin To Net: NetName=NetC15_2 Pin=C15-2
Added Pin To Net: NetName=NetC15_2 Pin=C16-1
Added Pin To Net: NetName=NetC15_2 Pin=D3-1
Added Pin To Net: NetName=NetC15_2 Pin=R12-1
Added Pin To Net: NetName=NetC15_2 Pin=ST1-1
Added Net: Name=NetC15_2
Added Pin To Net: NetName=NetC18_1 Pin=C18-1
Added Pin To Net: NetName=NetC18_1 Pin=ST2-1
Added Pin To Net: NetName=NetC18_1 Pin=U4-4
Added Net: Name=NetC18_1
Added Member To Class: ClassName=PIN_Gamma_Power Member=Component ST1 Shark Tooth
Added Member To Class: ClassName=PIN_Gamma_Power Member=Component ST2 Shark Tooth
Added Room: Name=PIN_Gamma
Added Room: Name=PIN_Gamma_Power
