Added Component: Designator=BAT*1(AAA_Battery_SMT)
Add component. Clean all parameters for all variants
Add component (AddParameter): Name = "Digikey Part"; Value = "36-55-ND"; VariantName = "[No Variations]"
Added Component: Designator=BAT*2(AAA_Battery_SMT)
Add component. Clean all parameters for all variants
Add component (AddParameter): Name = "Digikey Part"; Value = "36-55-ND"; VariantName = "[No Variations]"
Added Component: Designator=BAT*3(AAA_Battery_SMT)
Add component. Clean all parameters for all variants
Add component (AddParameter): Name = "Digikey Part"; Value = "36-55-ND"; VariantName = "[No Variations]"
Added Component: Designator=BAT*4(AAA_Battery_SMT)
Add component. Clean all parameters for all variants
Add component (AddParameter): Name = "Digikey Part"; Value = "36-55-ND"; VariantName = "[No Variations]"
Added Component: Designator=C1(C/0603)
Add component. Clean all parameters for all variants
Add component (AddParameter): Name = "Digikey"; Value = "311-1740-1-ND"; VariantName = "[No Variations]"
Added Component: Designator=C2(C/0603)
Add component. Clean all parameters for all variants
Add component (AddParameter): Name = "Digikey"; Value = "311-1740-1-ND"; VariantName = "[No Variations]"
Added Component: Designator=C3(C/0603)
Add component. Clean all parameters for all variants
Add component (AddParameter): Name = "Digikey Part"; Value = "399-7845-1-ND"; VariantName = "[No Variations]"
Added Component: Designator=C4(C/0603)
Add component. Clean all parameters for all variants
Add component (AddParameter): Name = "Digikey Part"; Value = "399-7845-1-ND"; VariantName = "[No Variations]"
Added Component: Designator=C5(C/0603)
Add component. Clean all parameters for all variants
Add component (AddParameter): Name = "Digikey Part"; Value = "399-1091-1-ND"; VariantName = "[No Variations]"
Added Component: Designator=C6(C/0603)
Add component. Clean all parameters for all variants
Add component (AddParameter): Name = "Digikey"; Value = "1276-1091-1-ND"; VariantName = "[No Variations]"
Added Component: Designator=C7(C/0603)
Add component. Clean all parameters for all variants
Add component (AddParameter): Name = "Digikey Part"; Value = "399-1091-1-ND"; VariantName = "[No Variations]"
Added Component: Designator=C8(C/0603)
Add component. Clean all parameters for all variants
Add component (AddParameter): Name = "Digikey"; Value = "311-1740-1-ND"; VariantName = "[No Variations]"
Added Component: Designator=C9(C/0603)
Add component. Clean all parameters for all variants
Add component (AddParameter): Name = "Digikey"; Value = "311-1740-1-ND"; VariantName = "[No Variations]"
Added Component: Designator=C10(C/0603)
Add component. Clean all parameters for all variants
Add component (AddParameter): Name = "Digikey Part"; Value = "399-7845-1-ND"; VariantName = "[No Variations]"
Added Component: Designator=C11(C/0603)
Add component. Clean all parameters for all variants
Add component (AddParameter): Name = "Digikey Part"; Value = "399-7845-1-ND"; VariantName = "[No Variations]"
Added Component: Designator=C12(C/0603)
Add component. Clean all parameters for all variants
Add component (AddParameter): Name = "Digikey Part"; Value = "399-7845-1-ND"; VariantName = "[No Variations]"
Added Component: Designator=C13(C/0603)
Add component. Clean all parameters for all variants
Add component (AddParameter): Name = "Digikey Part"; Value = "399-7845-1-ND"; VariantName = "[No Variations]"
Added Component: Designator=C14(C/0603)
Add component. Clean all parameters for all variants
Add component (AddParameter): Name = "Digikey Part"; Value = "399-1091-1-ND"; VariantName = "[No Variations]"
Added Component: Designator=C15(C/0603)
Add component. Clean all parameters for all variants
Add component (AddParameter): Name = "Digikey"; Value = "1276-2645-1-ND"; VariantName = "[No Variations]"
Added Component: Designator=C16(R/0805)
Add component. Clean all parameters for all variants
Add component (AddParameter): Name = "Digikey"; Value = "1276-1860-1-ND"; VariantName = "[No Variations]"
Added Component: Designator=C17(R/0805)
Add component. Clean all parameters for all variants
Add component (AddParameter): Name = "Digikey"; Value = "CL10A105KB8NNNC"; VariantName = "[No Variations]"
Added Component: Designator=C18(C/0603)
Add component. Clean all parameters for all variants
Add component (AddParameter): Name = "Digikey"; Value = "CL10A105KB8NNNC"; VariantName = "[No Variations]"
Added Component: Designator=C19(C/0603)
Add component. Clean all parameters for all variants
Add component (AddParameter): Name = "Digikey"; Value = "490-1545-1-ND"; VariantName = "[No Variations]"
Added Component: Designator=C20(C/0603)
Add component. Clean all parameters for all variants
Add component (AddParameter): Name = "Digikey"; Value = "399-1061-1-ND"; VariantName = "[No Variations]"
Added Component: Designator=C21(C/0603)
Add component. Clean all parameters for all variants
Add component (AddParameter): Name = "Digikey Part"; Value = "1276-1785-1-ND"; VariantName = "[No Variations]"
Added Component: Designator=C22(C/0603)
Add component. Clean all parameters for all variants
Add component (AddParameter): Name = "Digikey Part"; Value = "399-7845-1-ND"; VariantName = "[No Variations]"
Added Component: Designator=D1(VBPW34S)
Add component. Clean all parameters for all variants
Added Component: Designator=D2(VBPW34S)
Add component. Clean all parameters for all variants
Added Component: Designator=D3(SOD-123F)
Add component. Clean all parameters for all variants
Add component (AddParameter): Name = "Digikey Part"; Value = "MBR1020VLCT-ND"; VariantName = "[No Variations]"
Added Component: Designator=L1(INDP3030X15N)
Add component. Clean all parameters for all variants
Add component (AddParameter): Name = "Digikey Part"; Value = "SRN3015-100MCT-ND"; VariantName = "[No Variations]"
Added Component: Designator=R1(R/0603)
Add component. Clean all parameters for all variants
Add component (AddParameter): Name = "Digikey Part"; Value = "RMCF0603JT10M0CT-ND"; VariantName = "[No Variations]"
Added Component: Designator=R2(R/0603)
Add component. Clean all parameters for all variants
Add component (AddParameter): Name = "Digikey Part"; Value = "A119955CT-ND"; VariantName = "[No Variations]"
Added Component: Designator=R3(R/0603)
Add component. Clean all parameters for all variants
Add component (AddParameter): Name = "Digikey Part"; Value = "311-10KGRCT-ND"; VariantName = "[No Variations]"
Added Component: Designator=R4(R/0603)
Add component. Clean all parameters for all variants
Add component (AddParameter): Name = "Digikey Part"; Value = "RMCF0603JT10M0CT-ND"; VariantName = "[No Variations]"
Added Component: Designator=R5(R/0603)
Add component. Clean all parameters for all variants
Add component (AddParameter): Name = "Digikey Part"; Value = "311-1.0KGRCT-ND"; VariantName = "[No Variations]"
Added Component: Designator=R6(R/0603)
Add component. Clean all parameters for all variants
Add component (AddParameter): Name = "Digikey Part"; Value = "311-1.0KGRCT-ND"; VariantName = "[No Variations]"
Added Component: Designator=R7(R/0603)
Add component. Clean all parameters for all variants
Add component (AddParameter): Name = "Digikey Part"; Value = "311-100KHRCT-ND"; VariantName = "[No Variations]"
Added Component: Designator=R8(R/0603)
Add component. Clean all parameters for all variants
Add component (AddParameter): Name = "Digikey Part"; Value = "311-10KGRCT-ND"; VariantName = "[No Variations]"
Added Component: Designator=R9(R/0603)
Add component. Clean all parameters for all variants
Add component (AddParameter): Name = "Digikey Part"; Value = "311-10KGRCT-ND"; VariantName = "[No Variations]"
Added Component: Designator=R10(R/0603)
Add component. Clean all parameters for all variants
Add component (AddParameter): Name = "Digikey Part"; Value = "311-150KGRDKR-ND"; VariantName = "[No Variations]"
Added Component: Designator=R11(R/0603)
Add component. Clean all parameters for all variants
Add component (AddParameter): Name = "Digikey Part"; Value = "311-1.0KGRCT-ND"; VariantName = "[No Variations]"
Added Component: Designator=R12(R/0603)
Add component. Clean all parameters for all variants
Add component (AddParameter): Name = "Digikey Part"; Value = "311-118KHRCT-ND"; VariantName = "[No Variations]"
Added Component: Designator=R13(R/0603)
Add component. Clean all parameters for all variants
Add component (AddParameter): Name = "Digikey Part"; Value = "311-976KHRCT-ND"; VariantName = "[No Variations]"
Added Component: Designator=R14(R/0603)
Add component. Clean all parameters for all variants
Add component (AddParameter): Name = "Digikey Part"; Value = "311-13.7KHRCT-ND"; VariantName = "[No Variations]"
Added Component: Designator=R15(R/0603)
Add component. Clean all parameters for all variants
Add component (AddParameter): Name = "Digikey Part"; Value = "311-0.0GRCT-ND"; VariantName = "[No Variations]"
Added Component: Designator=R16(R/0603)
Add component. Clean all parameters for all variants
Add component (AddParameter): Name = "Digikey Part"; Value = "311-1.0KGRCT-ND"; VariantName = "[No Variations]"
Added Component: Designator=R17(R/0603)
Add component. Clean all parameters for all variants
Add component (AddParameter): Name = "Digikey Part"; Value = "311-10KGRCT-ND"; VariantName = "[No Variations]"
Added Component: Designator=R18(R/0603)
Add component. Clean all parameters for all variants
Add component (AddParameter): Name = "Digikey Part"; Value = "311-0.0GRCT-ND"; VariantName = "[No Variations]"
Added Component: Designator=R19(R/0603)
Add component. Clean all parameters for all variants
Add component (AddParameter): Name = "Digikey Part"; Value = "311-0.0GRCT-ND"; VariantName = "[No Variations]"
Added Component: Designator=R20(R/0603)
Add component. Clean all parameters for all variants
Add component (AddParameter): Name = "Digikey Part"; Value = "311-10KGRCT-ND"; VariantName = "[No Variations]"
Added Component: Designator=RV1(10K/25TN)
Add component. Clean all parameters for all variants
Add component (AddParameter): Name = "Digikey Part"; Value = "A105870-ND"; VariantName = "[No Variations]"
Added Component: Designator=SP1(AUDIO PIEZO)
Add component. Clean all parameters for all variants
Add component (AddParameter): Name = "Digikey Part"; Value = "490-9647-1-ND"; VariantName = "[No Variations]"
Added Component: Designator=SW1(SW/SPDT/THT)
Add component. Clean all parameters for all variants
Add component (AddParameter): Name = "Digikey Part"; Value = "A107673-ND"; VariantName = "[No Variations]"
Added Component: Designator=U1(SO8)
Add component. Clean all parameters for all variants
Added Component: Designator=U2(SO8)
Add component. Clean all parameters for all variants
Added Component: Designator=U3(SO8)
Add component. Clean all parameters for all variants
Added Component: Designator=U4(SOT223)
Add component. Clean all parameters for all variants
Added Component: Designator=U5(SOT23-5)
Add component. Clean all parameters for all variants
Added Component: Designator=U6(SOT23-3)
Add component. Clean all parameters for all variants
Add component (AddParameter): Name = "Digikey Part"; Value = "MMBT3904LT3GOSCT-ND"; VariantName = "[No Variations]"
Added Component: Designator=U7(SO8)
Add component. Clean all parameters for all variants
Added Pin To Net: NetName=5V Pin=C3-1
Added Pin To Net: NetName=5V Pin=C10-1
Added Pin To Net: NetName=5V Pin=C12-1
Added Pin To Net: NetName=5V Pin=C17-1
Added Pin To Net: NetName=5V Pin=R7-1
Added Pin To Net: NetName=5V Pin=R15-1
Added Pin To Net: NetName=5V Pin=U1-8
Added Pin To Net: NetName=5V Pin=U2-8
Added Pin To Net: NetName=5V Pin=U3-7
Added Pin To Net: NetName=5V Pin=U4-2
Added Pin To Net: NetName=5V Pin=U4-4
Added Net: Name=5V
Added Pin To Net: NetName=12V Pin=C15-2
Added Pin To Net: NetName=12V Pin=C16-1
Added Pin To Net: NetName=12V Pin=C18-1
Added Pin To Net: NetName=12V Pin=D3-1
Added Pin To Net: NetName=12V Pin=R2-1
Added Pin To Net: NetName=12V Pin=R12-1
Added Pin To Net: NetName=12V Pin=U4-3
Added Net: Name=12V
Added Pin To Net: NetName=CompOut Pin=R16-1
Added Pin To Net: NetName=CompOut Pin=R18-1
Added Pin To Net: NetName=CompOut Pin=U3-6
Added Net: Name=CompOut
Added Pin To Net: NetName=GND Pin=BAT*4-3
Added Pin To Net: NetName=GND Pin=BAT*4-4
Added Pin To Net: NetName=GND Pin=C3-2
Added Pin To Net: NetName=GND Pin=C4-2
Added Pin To Net: NetName=GND Pin=C10-2
Added Pin To Net: NetName=GND Pin=C11-2
Added Pin To Net: NetName=GND Pin=C12-2
Added Pin To Net: NetName=GND Pin=C13-2
Added Pin To Net: NetName=GND Pin=C16-2
Added Pin To Net: NetName=GND Pin=C17-2
Added Pin To Net: NetName=GND Pin=C18-2
Added Pin To Net: NetName=GND Pin=C19-2
Added Pin To Net: NetName=GND Pin=C21-2
Added Pin To Net: NetName=GND Pin=C22-2
Added Pin To Net: NetName=GND Pin=D1-A
Added Pin To Net: NetName=GND Pin=D2-A
Added Pin To Net: NetName=GND Pin=R10-2
Added Pin To Net: NetName=GND Pin=R14-2
Added Pin To Net: NetName=GND Pin=SP1-2
Added Pin To Net: NetName=GND Pin=SW1-1
Added Pin To Net: NetName=GND Pin=SW1-5
Added Pin To Net: NetName=GND Pin=U1-4
Added Pin To Net: NetName=GND Pin=U2-4
Added Pin To Net: NetName=GND Pin=U3-4
Added Pin To Net: NetName=GND Pin=U4-1
Added Pin To Net: NetName=GND Pin=U5-2
Added Pin To Net: NetName=GND Pin=U7-1
Added Net: Name=GND
Added Pin To Net: NetName=IN+ Pin=C11-1
Added Pin To Net: NetName=IN+ Pin=R7-2
Added Pin To Net: NetName=IN+ Pin=RV1-1
Added Pin To Net: NetName=IN+ Pin=U1-3
Added Pin To Net: NetName=IN+ Pin=U1-5
Added Pin To Net: NetName=IN+ Pin=U2-3
Added Pin To Net: NetName=IN+ Pin=U2-5
Added Net: Name=IN+
Added Pin To Net: NetName=NetBAT*1_1 Pin=BAT*1-1
Added Pin To Net: NetName=NetBAT*1_1 Pin=BAT*1-2
Added Pin To Net: NetName=NetBAT*1_1 Pin=SW1-4
Added Net: Name=NetBAT*1_1
Added Pin To Net: NetName=NetBAT*1_3 Pin=BAT*1-3
Added Pin To Net: NetName=NetBAT*1_3 Pin=BAT*1-4
Added Pin To Net: NetName=NetBAT*1_3 Pin=BAT*2-1
Added Pin To Net: NetName=NetBAT*1_3 Pin=BAT*2-2
Added Net: Name=NetBAT*1_3
Added Pin To Net: NetName=NetBAT*2_3 Pin=BAT*2-3
Added Pin To Net: NetName=NetBAT*2_3 Pin=BAT*2-4
Added Pin To Net: NetName=NetBAT*2_3 Pin=BAT*3-1
Added Pin To Net: NetName=NetBAT*2_3 Pin=BAT*3-2
Added Net: Name=NetBAT*2_3
Added Pin To Net: NetName=NetBAT*3_3 Pin=BAT*3-3
Added Pin To Net: NetName=NetBAT*3_3 Pin=BAT*3-4
Added Pin To Net: NetName=NetBAT*3_3 Pin=BAT*4-1
Added Pin To Net: NetName=NetBAT*3_3 Pin=BAT*4-2
Added Net: Name=NetBAT*3_3
Added Pin To Net: NetName=NetC1_1 Pin=C1-1
Added Pin To Net: NetName=NetC1_1 Pin=C5-2
Added Pin To Net: NetName=NetC1_1 Pin=R1-1
Added Pin To Net: NetName=NetC1_1 Pin=U1-2
Added Net: Name=NetC1_1
Added Pin To Net: NetName=NetC1_2 Pin=C1-2
Added Pin To Net: NetName=NetC1_2 Pin=C6-1
Added Pin To Net: NetName=NetC1_2 Pin=R1-2
Added Pin To Net: NetName=NetC1_2 Pin=U1-1
Added Net: Name=NetC1_2
Added Pin To Net: NetName=NetC2_1 Pin=C2-1
Added Pin To Net: NetName=NetC2_1 Pin=R3-1
Added Pin To Net: NetName=NetC2_1 Pin=R5-2
Added Pin To Net: NetName=NetC2_1 Pin=U1-6
Added Net: Name=NetC2_1
Added Pin To Net: NetName=NetC2_2 Pin=C2-2
Added Pin To Net: NetName=NetC2_2 Pin=C7-1
Added Pin To Net: NetName=NetC2_2 Pin=R3-2
Added Pin To Net: NetName=NetC2_2 Pin=U1-7
Added Net: Name=NetC2_2
Added Pin To Net: NetName=NetC4_1 Pin=C4-1
Added Pin To Net: NetName=NetC4_1 Pin=R2-2
Added Pin To Net: NetName=NetC4_1 Pin=R4-1
Added Net: Name=NetC4_1
Added Pin To Net: NetName=NetC5_1 Pin=C5-1
Added Pin To Net: NetName=NetC5_1 Pin=D1-K
Added Pin To Net: NetName=NetC5_1 Pin=D2-K
Added Pin To Net: NetName=NetC5_1 Pin=R4-2
Added Net: Name=NetC5_1
Added Pin To Net: NetName=NetC6_2 Pin=C6-2
Added Net: Name=NetC6_2
Added Pin To Net: NetName=NetC7_2 Pin=C7-2
Added Net: Name=NetC7_2
Added Pin To Net: NetName=NetC8_2 Pin=C8-2
Added Pin To Net: NetName=NetC8_2 Pin=C14-1
Added Pin To Net: NetName=NetC8_2 Pin=R8-2
Added Pin To Net: NetName=NetC8_2 Pin=U2-1
Added Net: Name=NetC8_2
Added Pin To Net: NetName=NetC9_1 Pin=C9-1
Added Pin To Net: NetName=NetC9_1 Pin=R9-1
Added Pin To Net: NetName=NetC9_1 Pin=R11-2
Added Pin To Net: NetName=NetC9_1 Pin=U2-6
Added Net: Name=NetC9_1
Added Pin To Net: NetName=NetC9_2 Pin=C9-2
Added Pin To Net: NetName=NetC9_2 Pin=R9-2
Added Pin To Net: NetName=NetC9_2 Pin=U2-7
Added Pin To Net: NetName=NetC9_2 Pin=U3-2
Added Net: Name=NetC9_2
Added Pin To Net: NetName=NetC13_1 Pin=C13-1
Added Pin To Net: NetName=NetC13_1 Pin=R10-1
Added Pin To Net: NetName=NetC13_1 Pin=RV1-2
Added Net: Name=NetC13_1
Added Pin To Net: NetName=NetC14_2 Pin=C14-2
Added Net: Name=NetC14_2
Added Pin To Net: NetName=NetC15_1 Pin=C15-1
Added Pin To Net: NetName=NetC15_1 Pin=R12-2
Added Pin To Net: NetName=NetC15_1 Pin=R14-1
Added Pin To Net: NetName=NetC15_1 Pin=U5-3
Added Net: Name=NetC15_1
Added Pin To Net: NetName=NetC20_1 Pin=C20-1
Added Pin To Net: NetName=NetC20_1 Pin=R18-2
Added Pin To Net: NetName=NetC20_1 Pin=R19-2
Added Net: Name=NetC20_1
Added Pin To Net: NetName=NetC20_2 Pin=C20-2
Added Pin To Net: NetName=NetC20_2 Pin=SP1-1
Added Net: Name=NetC20_2
Added Pin To Net: NetName=NetC21_1 Pin=C21-1
Added Pin To Net: NetName=NetC21_1 Pin=R20-2
Added Pin To Net: NetName=NetC21_1 Pin=U7-2
Added Pin To Net: NetName=NetC21_1 Pin=U7-6
Added Net: Name=NetC21_1
Added Pin To Net: NetName=NetC22_1 Pin=C22-1
Added Pin To Net: NetName=NetC22_1 Pin=U7-5
Added Net: Name=NetC22_1
Added Pin To Net: NetName=NetD3_2 Pin=D3-2
Added Pin To Net: NetName=NetD3_2 Pin=L1-1
Added Pin To Net: NetName=NetD3_2 Pin=U5-1
Added Net: Name=NetD3_2
Added Pin To Net: NetName=NetR5_1 Pin=R5-1
Added Net: Name=NetR5_1
Added Pin To Net: NetName=NetR6_1 Pin=R6-1
Added Net: Name=NetR6_1
Added Pin To Net: NetName=NetR11_1 Pin=R11-1
Added Net: Name=NetR11_1
Added Pin To Net: NetName=NetR13_2 Pin=R13-2
Added Pin To Net: NetName=NetR13_2 Pin=U5-4
Added Net: Name=NetR13_2
Added Pin To Net: NetName=NetR15_2 Pin=R15-2
Added Pin To Net: NetName=NetR15_2 Pin=U6-3
Added Net: Name=NetR15_2
Added Pin To Net: NetName=NetR16_2 Pin=R16-2
Added Pin To Net: NetName=NetR16_2 Pin=U6-1
Added Net: Name=NetR16_2
Added Pin To Net: NetName=NetR17_1 Pin=R17-1
Added Pin To Net: NetName=NetR17_1 Pin=U6-2
Added Pin To Net: NetName=NetR17_1 Pin=U7-4
Added Pin To Net: NetName=NetR17_1 Pin=U7-8
Added Net: Name=NetR17_1
Added Pin To Net: NetName=NetR17_2 Pin=R17-2
Added Pin To Net: NetName=NetR17_2 Pin=R20-1
Added Pin To Net: NetName=NetR17_2 Pin=U7-7
Added Net: Name=NetR17_2
Added Pin To Net: NetName=NetR19_1 Pin=R19-1
Added Pin To Net: NetName=NetR19_1 Pin=U7-3
Added Net: Name=NetR19_1
Added Pin To Net: NetName=NetRV1_3 Pin=RV1-3
Added Pin To Net: NetName=NetRV1_3 Pin=U3-3
Added Net: Name=NetRV1_3
Added Pin To Net: NetName=NetSW1_2 Pin=SW1-2
Added Net: Name=NetSW1_2
Added Pin To Net: NetName=OUTB Pin=C8-1
Added Pin To Net: NetName=OUTB Pin=R6-2
Added Pin To Net: NetName=OUTB Pin=R8-1
Added Pin To Net: NetName=OUTB Pin=U2-2
Added Net: Name=OUTB
Added Pin To Net: NetName=V_Bat Pin=C19-1
Added Pin To Net: NetName=V_Bat Pin=L1-2
Added Pin To Net: NetName=V_Bat Pin=R13-1
Added Pin To Net: NetName=V_Bat Pin=SW1-3
Added Pin To Net: NetName=V_Bat Pin=U5-5
Added Net: Name=V_Bat
Added Class: Name=PIN_Gamma_Power
Added Class: Name=PIN_Gamma
Added Room: Name=PIN_Gamma
Added Room: Name=PIN_Gamma_Power
