Removed Pin From Net: NetName=5V Pin=C17-1
Removed Pin From Net: NetName=12V Pin=C18-1
Removed Pin From Net: NetName=5V Pin=U4-2
Change component parameters: Designator = "C17"; Footprint = "R/0805"; UniqueID = "\QUEHQSEM"
Change component parameters. Clean all parameters for all variants
Change component parameters (AddParameter): Name = "Digikey"; Value = "1276-1860-1-ND"; VariantName = "[No Variations]"
Change component parameters: Designator = "C18"; Footprint = "C/0603"; UniqueID = "\OWYSNLJX"
Change component parameters. Clean all parameters for all variants
Change component parameters (AddParameter): Name = "Digikey"; Value = "1276-1860-1-ND"; VariantName = "[No Variations]"
Added Component: Designator=C23(C/0603)
Add component. Clean all parameters for all variants
Add component (AddParameter): Name = "Digikey Part"; Value = "399-7845-1-ND"; VariantName = "[No Variations]"
Added Pin To Net: NetName=12V Pin=C17-1
Added Pin To Net: NetName=5V Pin=C18-1
Added Pin To Net: NetName=GND Pin=C23-2
Added Pin To Net: NetName=NetC23_1 Pin=C23-1
Added Net: Name=NetC23_1
Added Member To Class: ClassName=PIN_Gamma_Power Member=Component C23 C/0.1U/0603
Added Room: Name=PIN_Gamma
Added Room: Name=PIN_Gamma_Power
